0 info it worked if it ends with ok
1 verbose cli [ '/usr/local/bin/node',
1 verbose cli   '/usr/local/bin/npm',
1 verbose cli   'install',
1 verbose cli   'express' ]
2 info using npm@1.3.11
3 info using node@v0.10.21
4 verbose cache add [ 'express', null ]
5 verbose cache add name=undefined spec="express" args=["express",null]
6 verbose parsed url { protocol: null,
6 verbose parsed url   slashes: null,
6 verbose parsed url   auth: null,
6 verbose parsed url   host: null,
6 verbose parsed url   port: null,
6 verbose parsed url   hostname: null,
6 verbose parsed url   hash: null,
6 verbose parsed url   search: null,
6 verbose parsed url   query: null,
6 verbose parsed url   pathname: 'express',
6 verbose parsed url   path: 'express',
6 verbose parsed url   href: 'express' }
7 silly lockFile f3c62de4-express express
8 verbose lock express /Users/mauriciosanchezduque/.npm/f3c62de4-express.lock
9 silly lockFile f3c62de4-express express
10 verbose addNamed [ 'express', '' ]
11 verbose addNamed [ null, '*' ]
12 silly lockFile 64a534c1-express express@
13 verbose lock express@ /Users/mauriciosanchezduque/.npm/64a534c1-express.lock
14 silly lockFile 64a534c1-express express@
15 error Error: EACCES, open '/Users/mauriciosanchezduque/.npm/64a534c1-express.lock'
15 error  { [Error: EACCES, open '/Users/mauriciosanchezduque/.npm/64a534c1-express.lock']
15 error   errno: 3,
15 error   code: 'EACCES',
15 error   path: '/Users/mauriciosanchezduque/.npm/64a534c1-express.lock' }
16 error Please try running this command again as root/Administrator.
17 error System Darwin 13.0.0
18 error command "/usr/local/bin/node" "/usr/local/bin/npm" "install" "express"
19 error cwd /Users/mauriciosanchezduque/Documents/of_v0.8.0_osx_release/apps/sanchez-duque_algo2013
20 error node -v v0.10.21
21 error npm -v 1.3.11
22 error path /Users/mauriciosanchezduque/.npm/64a534c1-express.lock
23 error code EACCES
24 error errno 3
25 error stack Error: EACCES, open '/Users/mauriciosanchezduque/.npm/64a534c1-express.lock'
26 verbose exit [ 3, true ]
